<?xml version="1.0" encoding="UTF-8"?>
<testsuite xmlns:xsi="http://www.w3.org/2001/XMLSchema-instance" xsi:noNamespaceSchemaLocation="https://maven.apache.org/surefire/maven-surefire-plugin/xsd/surefire-test-report.xsd" name="zest.FindDuplicateTest" time="0.05" tests="7" errors="0" skipped="0" failures="0">
  <properties>
    <property name="sun.desktop" value="windows"/>
    <property name="awt.toolkit" value="sun.awt.windows.WToolkit"/>
    <property name="java.specification.version" value="11"/>
    <property name="sun.cpu.isalist" value="amd64"/>
    <property name="sun.jnu.encoding" value="GBK"/>
    <property name="java.class.path" value="D:\360MoveData\Users\Thunderobot\Desktop\assignment02\FindDuplicate\target\test-classes;D:\360MoveData\Users\Thunderobot\Desktop\assignment02\FindDuplicate\target\classes;C:\Users\Thunderobot\.m2\repository\org\junit\jupiter\junit-jupiter-api\5.7.0\junit-jupiter-api-5.7.0.jar;C:\Users\Thunderobot\.m2\repository\org\apiguardian\apiguardian-api\1.1.0\apiguardian-api-1.1.0.jar;C:\Users\Thunderobot\.m2\repository\org\opentest4j\opentest4j\1.2.0\opentest4j-1.2.0.jar;C:\Users\Thunderobot\.m2\repository\org\junit\platform\junit-platform-commons\1.7.0\junit-platform-commons-1.7.0.jar;C:\Users\Thunderobot\.m2\repository\org\junit\jupiter\junit-jupiter-engine\5.7.0\junit-jupiter-engine-5.7.0.jar;C:\Users\Thunderobot\.m2\repository\org\junit\platform\junit-platform-engine\1.7.0\junit-platform-engine-1.7.0.jar;C:\Users\Thunderobot\.m2\repository\net\jqwik\jqwik\1.5.1\jqwik-1.5.1.jar;C:\Users\Thunderobot\.m2\repository\net\jqwik\jqwik-api\1.5.1\jqwik-api-1.5.1.jar;C:\Users\Thunderobot\.m2\repository\net\jqwik\jqwik-web\1.5.1\jqwik-web-1.5.1.jar;C:\Users\Thunderobot\.m2\repository\net\jqwik\jqwik-time\1.5.1\jqwik-time-1.5.1.jar;C:\Users\Thunderobot\.m2\repository\net\jqwik\jqwik-engine\1.5.1\jqwik-engine-1.5.1.jar;"/>
    <property name="java.vm.vendor" value="Amazon.com Inc."/>
    <property name="sun.arch.data.model" value="64"/>
    <property name="user.variant" value=""/>
    <property name="java.vendor.url" value="https://aws.amazon.com/corretto/"/>
    <property name="user.timezone" value="Europe/Berlin"/>
    <property name="java.vm.specification.version" value="11"/>
    <property name="os.name" value="Windows 10"/>
    <property name="sun.java.launcher" value="SUN_STANDARD"/>
    <property name="user.country" value="CN"/>
    <property name="sun.boot.library.path" value="D:\360MoveData\Users\Thunderobot\Desktop\EST\JDK\bin"/>
    <property name="sun.java.command" value="C:\Users\THUNDE~1\AppData\Local\Temp\surefire6478491319448635469\surefirebooter4269641945971595078.jar C:\Users\Thunderobot\AppData\Local\Temp\surefire6478491319448635469 2024-04-17T16-57-04_539-jvmRun1 surefire11241582463518601700tmp surefire_013189380160528281363tmp"/>
    <property name="jdk.debug" value="release"/>
    <property name="surefire.test.class.path" value="D:\360MoveData\Users\Thunderobot\Desktop\assignment02\FindDuplicate\target\test-classes;D:\360MoveData\Users\Thunderobot\Desktop\assignment02\FindDuplicate\target\classes;C:\Users\Thunderobot\.m2\repository\org\junit\jupiter\junit-jupiter-api\5.7.0\junit-jupiter-api-5.7.0.jar;C:\Users\Thunderobot\.m2\repository\org\apiguardian\apiguardian-api\1.1.0\apiguardian-api-1.1.0.jar;C:\Users\Thunderobot\.m2\repository\org\opentest4j\opentest4j\1.2.0\opentest4j-1.2.0.jar;C:\Users\Thunderobot\.m2\repository\org\junit\platform\junit-platform-commons\1.7.0\junit-platform-commons-1.7.0.jar;C:\Users\Thunderobot\.m2\repository\org\junit\jupiter\junit-jupiter-engine\5.7.0\junit-jupiter-engine-5.7.0.jar;C:\Users\Thunderobot\.m2\repository\org\junit\platform\junit-platform-engine\1.7.0\junit-platform-engine-1.7.0.jar;C:\Users\Thunderobot\.m2\repository\net\jqwik\jqwik\1.5.1\jqwik-1.5.1.jar;C:\Users\Thunderobot\.m2\repository\net\jqwik\jqwik-api\1.5.1\jqwik-api-1.5.1.jar;C:\Users\Thunderobot\.m2\repository\net\jqwik\jqwik-web\1.5.1\jqwik-web-1.5.1.jar;C:\Users\Thunderobot\.m2\repository\net\jqwik\jqwik-time\1.5.1\jqwik-time-1.5.1.jar;C:\Users\Thunderobot\.m2\repository\net\jqwik\jqwik-engine\1.5.1\jqwik-engine-1.5.1.jar;"/>
    <property name="sun.cpu.endian" value="little"/>
    <property name="user.home" value="C:\Users\Thunderobot"/>
    <property name="user.language" value="zh"/>
    <property name="java.specification.vendor" value="Oracle Corporation"/>
    <property name="java.version.date" value="2024-01-16"/>
    <property name="java.home" value="D:\360MoveData\Users\Thunderobot\Desktop\EST\JDK"/>
    <property name="file.separator" value="\"/>
    <property name="basedir" value="D:\360MoveData\Users\Thunderobot\Desktop\assignment02\FindDuplicate"/>
    <property name="java.vm.compressedOopsMode" value="Zero based"/>
    <property name="line.separator" value="&#10;"/>
    <property name="java.specification.name" value="Java Platform API Specification"/>
    <property name="java.vm.specification.vendor" value="Oracle Corporation"/>
    <property name="java.awt.graphicsenv" value="sun.awt.Win32GraphicsEnvironment"/>
    <property name="surefire.real.class.path" value="C:\Users\THUNDE~1\AppData\Local\Temp\surefire6478491319448635469\surefirebooter4269641945971595078.jar"/>
    <property name="user.script" value=""/>
    <property name="sun.management.compiler" value="HotSpot 64-Bit Tiered Compilers"/>
    <property name="java.runtime.version" value="11.0.22+7-LTS"/>
    <property name="user.name" value="Thunderobot"/>
    <property name="path.separator" value=";"/>
    <property name="os.version" value="10.0"/>
    <property name="java.runtime.name" value="OpenJDK Runtime Environment"/>
    <property name="file.encoding" value="GBK"/>
    <property name="java.vm.name" value="OpenJDK 64-Bit Server VM"/>
    <property name="java.vendor.version" value="Corretto-11.0.22.7.1"/>
    <property name="localRepository" value="C:\Users\Thunderobot\.m2\repository"/>
    <property name="java.vendor.url.bug" value="https://github.com/corretto/corretto-11/issues/"/>
    <property name="java.io.tmpdir" value="C:\Users\THUNDE~1\AppData\Local\Temp\"/>
    <property name="idea.version" value="2023.3.4"/>
    <property name="java.version" value="11.0.22"/>
    <property name="user.dir" value="D:\360MoveData\Users\Thunderobot\Desktop\assignment02\FindDuplicate"/>
    <property name="os.arch" value="amd64"/>
    <property name="java.vm.specification.name" value="Java Virtual Machine Specification"/>
    <property name="java.awt.printerjob" value="sun.awt.windows.WPrinterJob"/>
    <property name="sun.os.patch.level" value=""/>
    <property name="java.library.path" value="D:\360MoveData\Users\Thunderobot\Desktop\EST\JDK\bin;C:\Windows\Sun\Java\bin;C:\Windows\system32;C:\Windows;E:\python3.12;C:\Program Files (x86)\Common Files\Intel\Shared Libraries\redist\intel64\compiler;C:\Program Files (x86)\Common Files\Oracle\Java\javapath;C:\Windows\system32;C:\Windows;C:\Windows\System32\Wbem;C:\Windows\System32\WindowsPowerShell\v1.0\;C:\Windows\System32\OpenSSH\;C:\Program Files\NVIDIA Corporation\NVIDIA NvDLISR;D:\Putty\;C:\Program Files (x86)\NVIDIA Corporation\PhysX\Common;C:\Program Files\Microsoft SQL Server\Client SDK\ODBC\110\Tools\Binn\;C:\Program Files (x86)\Microsoft SQL Server\120\Tools\Binn\;C:\Program Files\Microsoft SQL Server\120\Tools\Binn\;C:\Program Files\Microsoft SQL Server\120\DTS\Binn\;C:\Program Files (x86)\Microsoft SQL Server\120\Tools\Binn\ManagementStudio\;C:\Program Files (x86)\Microsoft SQL Server\120\DTS\Binn\;C:\Program Files\dotnet\;C:\Windows\System32\OpenSSH\;C:\Users\Thunderobot\AppData\Local\Microsoft\WindowsApps;C:\Users\Thunderobot\AppData\Local\Pandoc\;C:\Users\Thunderobot\AppData\Local\Programs\MiKTeX\miktex\bin\x64\;D:\IntelliJ IDEA 2023.3.4\bin;;."/>
    <property name="java.vm.info" value="mixed mode"/>
    <property name="java.vendor" value="Amazon.com Inc."/>
    <property name="java.vm.version" value="11.0.22+7-LTS"/>
    <property name="java.specification.maintenance.version" value="2"/>
    <property name="sun.io.unicode.encoding" value="UnicodeLittle"/>
    <property name="java.class.version" value="55.0"/>
  </properties>
  <testcase name="testArrayElementRange" classname="zest.FindDuplicateTest" time="0.036"/>
  <testcase name="testIsElementOfWithNonExistingElement" classname="zest.FindDuplicateTest" time="0"/>
  <testcase name="testElementAboveRange" classname="zest.FindDuplicateTest" time="0"/>
  <testcase name="testWithNullArray" classname="zest.FindDuplicateTest" time="0.001"/>
  <testcase name="testArrayTooShort" classname="zest.FindDuplicateTest" time="0.001"/>
  <testcase name="testElementBelowRange" classname="zest.FindDuplicateTest" time="0.001"/>
  <testcase name="testNormalOperation" classname="zest.FindDuplicateTest" time="0.002"/>
</testsuite>